2022-10-29 21:04:13,726 DEBUG             Analyzer   183 - BTC| yield record: 0 | buy avg: 0.0 | price: 29160000.0 | amount: 0.0
2022-10-29 21:04:13,733 DEBUG             Analyzer   196 - price change ratio 29163000.0 -> 29160000.0, -0.01
2022-10-29 21:04:13,733  INFO             Analyzer   205 - cumulative return 28000 -> 28000.0, 0
2022-10-29 21:05:13,103 DEBUG          UpbitTrader   139 - account info | banance: 28000.0 | {'BTC': (0, 0)} | {'BTC': 29199000.0}
2022-10-29 21:05:13,103 DEBUG             Analyzer   168 - make score record new_info {'balance': 28000.0, 'asset': {'BTC': (0, 0)}, 'quote': {'BTC': 29199000.0}, 'date_time': '2022-10-29T21:05:13'}
2022-10-29 21:05:13,104 DEBUG             Analyzer   183 - BTC| yield record: 0 | buy avg: 0.0 | price: 29199000.0 | amount: 0.0
2022-10-29 21:05:13,104 DEBUG             Analyzer   196 - price change ratio 29163000.0 -> 29199000.0, 0.123
2022-10-29 21:05:13,104  INFO             Analyzer   205 - cumulative return 28000 -> 28000.0, 0
2022-10-29 21:06:13,131 DEBUG          UpbitTrader   139 - account info | banance: 28000.0 | {'BTC': (0, 0)} | {'BTC': 29224000.0}
2022-10-29 21:06:13,132 DEBUG             Analyzer   168 - make score record new_info {'balance': 28000.0, 'asset': {'BTC': (0, 0)}, 'quote': {'BTC': 29224000.0}, 'date_time': '2022-10-29T21:06:13'}
2022-10-29 21:06:13,132 DEBUG             Analyzer   183 - BTC| yield record: 0 | buy avg: 0.0 | price: 29224000.0 | amount: 0.0
2022-10-29 21:06:13,133 DEBUG             Analyzer   196 - price change ratio 29163000.0 -> 29224000.0, 0.209
2022-10-29 21:06:13,133  INFO             Analyzer   205 - cumulative return 28000 -> 28000.0, 0
2022-10-29 21:07:13,203 DEBUG          UpbitTrader   139 - account info | banance: 28000.0 | {'BTC': (0, 0)} | {'BTC': 29219000.0}
2022-10-29 21:07:13,203 DEBUG             Analyzer   168 - make score record new_info {'balance': 28000.0, 'asset': {'BTC': (0, 0)}, 'quote': {'BTC': 29219000.0}, 'date_time': '2022-10-29T21:07:13'}
2022-10-29 21:07:13,203 DEBUG             Analyzer   183 - BTC| yield record: 0 | buy avg: 0.0 | price: 29219000.0 | amount: 0.0
2022-10-29 21:07:13,203 DEBUG             Analyzer   196 - price change ratio 29163000.0 -> 29219000.0, 0.192
2022-10-29 21:07:13,203  INFO             Analyzer   205 - cumulative return 28000 -> 28000.0, 0
2022-10-29 21:08:14,428 DEBUG          UpbitTrader   139 - account info | banance: 28000.0 | {'BTC': (0, 0)} | {'BTC': 29210000.0}
2022-10-29 21:08:14,428 DEBUG             Analyzer   168 - make score record new_info {'balance': 28000.0, 'asset': {'BTC': (0, 0)}, 'quote': {'BTC': 29210000.0}, 'date_time': '2022-10-29T21:08:14'}
2022-10-29 21:08:14,429 DEBUG             Analyzer   183 - BTC| yield record: 0 | buy avg: 0.0 | price: 29210000.0 | amount: 0.0
2022-10-29 21:08:14,429 DEBUG             Analyzer   196 - price change ratio 29163000.0 -> 29210000.0, 0.161
2022-10-29 21:08:14,429  INFO             Analyzer   205 - cumulative return 28000 -> 28000.0, 0
2022-10-29 21:09:14,235 DEBUG          UpbitTrader   139 - account info | banance: 28000.0 | {'BTC': (0, 0)} | {'BTC': 29210000.0}
2022-10-29 21:09:14,235 DEBUG             Analyzer   168 - make score record new_info {'balance': 28000.0, 'asset': {'BTC': (0, 0)}, 'quote': {'BTC': 29210000.0}, 'date_time': '2022-10-29T21:09:14'}
2022-10-29 21:09:14,235 DEBUG             Analyzer   183 - BTC| yield record: 0 | buy avg: 0.0 | price: 29210000.0 | amount: 0.0
2022-10-29 21:09:14,235 DEBUG             Analyzer   196 - price change ratio 29163000.0 -> 29210000.0, 0.161
2022-10-29 21:09:14,235  INFO             Analyzer   205 - cumulative return 28000 -> 28000.0, 0
2022-10-29 21:10:14,092 DEBUG          UpbitTrader   139 - account info | banance: 28000.0 | {'BTC': (0, 0)} | {'BTC': 29190000.0}
2022-10-29 21:10:14,092 DEBUG             Analyzer   168 - make score record new_info {'balance': 28000.0, 'asset': {'BTC': (0, 0)}, 'quote': {'BTC': 29190000.0}, 'date_time': '2022-10-29T21:10:14'}
2022-10-29 21:10:14,092 DEBUG             Analyzer   183 - BTC| yield record: 0 | buy avg: 0.0 | price: 29190000.0 | amount: 0.0
2022-10-29 21:10:14,093 DEBUG             Analyzer   196 - price change ratio 29163000.0 -> 29190000.0, 0.093
2022-10-29 21:10:14,093  INFO             Analyzer   205 - cumulative return 28000 -> 28000.0, 0
2022-10-29 21:11:14,191 DEBUG          UpbitTrader   139 - account info | banance: 28000.0 | {'BTC': (0, 0)} | {'BTC': 29213000.0}
2022-10-29 21:11:14,191 DEBUG             Analyzer   168 - make score record new_info {'balance': 28000.0, 'asset': {'BTC': (0, 0)}, 'quote': {'BTC': 29213000.0}, 'date_time': '2022-10-29T21:11:14'}
2022-10-29 21:11:14,192 DEBUG             Analyzer   183 - BTC| yield record: 0 | buy avg: 0.0 | price: 29213000.0 | amount: 0.0
2022-10-29 21:11:14,192 DEBUG             Analyzer   196 - price change ratio 29163000.0 -> 29213000.0, 0.171
2022-10-29 21:11:14,192  INFO             Analyzer   205 - cumulative return 28000 -> 28000.0, 0
2022-10-29 21:12:14,100 DEBUG          UpbitTrader   139 - account info | banance: 28000.0 | {'BTC': (0, 0)} | {'BTC': 29213000.0}
2022-10-29 21:12:14,100 DEBUG             Analyzer   168 - make score record new_info {'balance': 28000.0, 'asset': {'BTC': (0, 0)}, 'quote': {'BTC': 29213000.0}, 'date_time': '2022-10-29T21:12:14'}
2022-10-29 21:12:14,100 DEBUG             Analyzer   183 - BTC| yield record: 0 | buy avg: 0.0 | price: 29213000.0 | amount: 0.0
2022-10-29 21:12:14,100 DEBUG             Analyzer   196 - price change ratio 29163000.0 -> 29213000.0, 0.171
2022-10-29 21:12:14,100  INFO             Analyzer   205 - cumulative return 28000 -> 28000.0, 0
2022-10-29 21:13:15,281 DEBUG          UpbitTrader   139 - account info | banance: 28000.0 | {'BTC': (0, 0)} | {'BTC': 29214000.0}
2022-10-29 21:13:15,281 DEBUG             Analyzer   168 - make score record new_info {'balance': 28000.0, 'asset': {'BTC': (0, 0)}, 'quote': {'BTC': 29214000.0}, 'date_time': '2022-10-29T21:13:15'}
2022-10-29 21:13:15,281 DEBUG             Analyzer   183 - BTC| yield record: 0 | buy avg: 0.0 | price: 29214000.0 | amount: 0.0
2022-10-29 21:13:15,281 DEBUG             Analyzer   196 - price change ratio 29163000.0 -> 29214000.0, 0.175
2022-10-29 21:13:15,281  INFO             Analyzer   205 - cumulative return 28000 -> 28000.0, 0
2022-10-29 21:14:15,148 DEBUG          UpbitTrader   139 - account info | banance: 28000.0 | {'BTC': (0, 0)} | {'BTC': 29215000.0}
2022-10-29 21:14:15,148 DEBUG             Analyzer   168 - make score record new_info {'balance': 28000.0, 'asset': {'BTC': (0, 0)}, 'quote': {'BTC': 29215000.0}, 'date_time': '2022-10-29T21:14:15'}
2022-10-29 21:14:15,148 DEBUG             Analyzer   183 - BTC| yield record: 0 | buy avg: 0.0 | price: 29215000.0 | amount: 0.0
2022-10-29 21:14:15,148 DEBUG             Analyzer   196 - price change ratio 29163000.0 -> 29215000.0, 0.178
2022-10-29 21:14:15,149  INFO             Analyzer   205 - cumulative return 28000 -> 28000.0, 0
2022-10-29 21:15:15,165 DEBUG          UpbitTrader   139 - account info | banance: 28000.0 | {'BTC': (0, 0)} | {'BTC': 29226000.0}
2022-10-29 21:15:15,167 DEBUG             Analyzer   168 - make score record new_info {'balance': 28000.0, 'asset': {'BTC': (0, 0)}, 'quote': {'BTC': 29226000.0}, 'date_time': '2022-10-29T21:15:15'}
2022-10-29 21:15:15,167 DEBUG             Analyzer   183 - BTC| yield record: 0 | buy avg: 0.0 | price: 29226000.0 | amount: 0.0
2022-10-29 21:15:15,168 DEBUG             Analyzer   196 - price change ratio 29163000.0 -> 29226000.0, 0.216
2022-10-29 21:15:15,168  INFO             Analyzer   205 - cumulative return 28000 -> 28000.0, 0
2022-10-29 21:16:15,160 DEBUG          UpbitTrader   139 - account info | banance: 28000.0 | {'BTC': (0, 0)} | {'BTC': 29212000.0}
2022-10-29 21:16:15,162 DEBUG             Analyzer   168 - make score record new_info {'balance': 28000.0, 'asset': {'BTC': (0, 0)}, 'quote': {'BTC': 29212000.0}, 'date_time': '2022-10-29T21:16:15'}
2022-10-29 21:16:15,166 DEBUG             Analyzer   183 - BTC| yield record: 0 | buy avg: 0.0 | price: 29212000.0 | amount: 0.0
2022-10-29 21:16:15,166 DEBUG             Analyzer   196 - price change ratio 29163000.0 -> 29212000.0, 0.168
2022-10-29 21:16:15,166  INFO             Analyzer   205 - cumulative return 28000 -> 28000.0, 0
2022-10-29 21:17:15,077 DEBUG          UpbitTrader   139 - account info | banance: 28000.0 | {'BTC': (0, 0)} | {'BTC': 29235000.0}
2022-10-29 21:17:15,083 DEBUG             Analyzer   168 - make score record new_info {'balance': 28000.0, 'asset': {'BTC': (0, 0)}, 'quote': {'BTC': 29235000.0}, 'date_time': '2022-10-29T21:17:15'}
2022-10-29 21:17:15,083 DEBUG             Analyzer   183 - BTC| yield record: 0 | buy avg: 0.0 | price: 29235000.0 | amount: 0.0
2022-10-29 21:17:15,083 DEBUG             Analyzer   196 - price change ratio 29163000.0 -> 29235000.0, 0.247
2022-10-29 21:17:15,084  INFO             Analyzer   205 - cumulative return 28000 -> 28000.0, 0
2022-10-29 21:18:15,139 DEBUG          UpbitTrader   139 - account info | banance: 28000.0 | {'BTC': (0, 0)} | {'BTC': 29261000.0}
2022-10-29 21:18:15,139 DEBUG             Analyzer   168 - make score record new_info {'balance': 28000.0, 'asset': {'BTC': (0, 0)}, 'quote': {'BTC': 29261000.0}, 'date_time': '2022-10-29T21:18:15'}
2022-10-29 21:18:15,139 DEBUG             Analyzer   183 - BTC| yield record: 0 | buy avg: 0.0 | price: 29261000.0 | amount: 0.0
2022-10-29 21:18:15,140 DEBUG             Analyzer   196 - price change ratio 29163000.0 -> 29261000.0, 0.336
2022-10-29 21:18:15,140  INFO             Analyzer   205 - cumulative return 28000 -> 28000.0, 0
2022-10-29 21:19:15,169 DEBUG          UpbitTrader   139 - account info | banance: 28000.0 | {'BTC': (0, 0)} | {'BTC': 29235000.0}
2022-10-29 21:19:15,169 DEBUG             Analyzer   168 - make score record new_info {'balance': 28000.0, 'asset': {'BTC': (0, 0)}, 'quote': {'BTC': 29235000.0}, 'date_time': '2022-10-29T21:19:15'}
2022-10-29 21:19:15,169 DEBUG             Analyzer   183 - BTC| yield record: 0 | buy avg: 0.0 | price: 29235000.0 | amount: 0.0
2022-10-29 21:19:15,169 DEBUG             Analyzer   196 - price change ratio 29163000.0 -> 29235000.0, 0.247
2022-10-29 21:19:15,169  INFO             Analyzer   205 - cumulative return 28000 -> 28000.0, 0
2022-10-29 21:20:15,133 DEBUG          UpbitTrader   139 - account info | banance: 28000.0 | {'BTC': (0, 0)} | {'BTC': 29235000.0}
2022-10-29 21:20:15,134 DEBUG             Analyzer   168 - make score record new_info {'balance': 28000.0, 'asset': {'BTC': (0, 0)}, 'quote': {'BTC': 29235000.0}, 'date_time': '2022-10-29T21:20:15'}
2022-10-29 21:20:15,134 DEBUG             Analyzer   183 - BTC| yield record: 0 | buy avg: 0.0 | price: 29235000.0 | amount: 0.0
2022-10-29 21:20:15,134 DEBUG             Analyzer   196 - price change ratio 29163000.0 -> 29235000.0, 0.247
2022-10-29 21:20:15,134  INFO             Analyzer   205 - cumulative return 28000 -> 28000.0, 0
2022-10-29 21:21:15,100 DEBUG          UpbitTrader   139 - account info | banance: 28000.0 | {'BTC': (0, 0)} | {'BTC': 29202000.0}
2022-10-29 21:21:15,106 DEBUG             Analyzer   168 - make score record new_info {'balance': 28000.0, 'asset': {'BTC': (0, 0)}, 'quote': {'BTC': 29202000.0}, 'date_time': '2022-10-29T21:21:15'}
2022-10-29 21:21:15,106 DEBUG             Analyzer   183 - BTC| yield record: 0 | buy avg: 0.0 | price: 29202000.0 | amount: 0.0
2022-10-29 21:21:15,107 DEBUG             Analyzer   196 - price change ratio 29163000.0 -> 29202000.0, 0.134
2022-10-29 21:21:15,107  INFO             Analyzer   205 - cumulative return 28000 -> 28000.0, 0
2022-10-29 21:22:15,220 DEBUG          UpbitTrader   139 - account info | banance: 28000.0 | {'BTC': (0, 0)} | {'BTC': 29201000.0}
2022-10-29 21:22:15,220 DEBUG             Analyzer   168 - make score record new_info {'balance': 28000.0, 'asset': {'BTC': (0, 0)}, 'quote': {'BTC': 29201000.0}, 'date_time': '2022-10-29T21:22:15'}
2022-10-29 21:22:15,220 DEBUG             Analyzer   183 - BTC| yield record: 0 | buy avg: 0.0 | price: 29201000.0 | amount: 0.0
2022-10-29 21:22:15,220 DEBUG             Analyzer   196 - price change ratio 29163000.0 -> 29201000.0, 0.13
2022-10-29 21:22:15,220  INFO             Analyzer   205 - cumulative return 28000 -> 28000.0, 0
2022-10-29 21:23:15,226 DEBUG          UpbitTrader   139 - account info | banance: 28000.0 | {'BTC': (0, 0)} | {'BTC': 29201000.0}
2022-10-29 21:23:15,226 DEBUG             Analyzer   168 - make score record new_info {'balance': 28000.0, 'asset': {'BTC': (0, 0)}, 'quote': {'BTC': 29201000.0}, 'date_time': '2022-10-29T21:23:15'}
2022-10-29 21:23:15,226 DEBUG             Analyzer   183 - BTC| yield record: 0 | buy avg: 0.0 | price: 29201000.0 | amount: 0.0
2022-10-29 21:23:15,226 DEBUG             Analyzer   196 - price change ratio 29163000.0 -> 29201000.0, 0.13
2022-10-29 21:23:15,226  INFO             Analyzer   205 - cumulative return 28000 -> 28000.0, 0
2022-10-29 21:24:15,167 DEBUG          UpbitTrader   139 - account info | banance: 28000.0 | {'BTC': (0, 0)} | {'BTC': 29210000.0}
2022-10-29 21:24:15,168 DEBUG             Analyzer   168 - make score record new_info {'balance': 28000.0, 'asset': {'BTC': (0, 0)}, 'quote': {'BTC': 29210000.0}, 'date_time': '2022-10-29T21:24:15'}
2022-10-29 21:24:15,168 DEBUG             Analyzer   183 - BTC| yield record: 0 | buy avg: 0.0 | price: 29210000.0 | amount: 0.0
2022-10-29 21:24:15,168 DEBUG             Analyzer   196 - price change ratio 29163000.0 -> 29210000.0, 0.161
2022-10-29 21:24:15,168  INFO             Analyzer   205 - cumulative return 28000 -> 28000.0, 0
2022-10-29 21:25:15,200 DEBUG          UpbitTrader   139 - account info | banance: 28000.0 | {'BTC': (0, 0)} | {'BTC': 29221000.0}
2022-10-29 21:25:15,200 DEBUG             Analyzer   168 - make score record new_info {'balance': 28000.0, 'asset': {'BTC': (0, 0)}, 'quote': {'BTC': 29221000.0}, 'date_time': '2022-10-29T21:25:15'}
2022-10-29 21:25:15,201 DEBUG             Analyzer   183 - BTC| yield record: 0 | buy avg: 0.0 | price: 29221000.0 | amount: 0.0
2022-10-29 21:25:15,201 DEBUG             Analyzer   196 - price change ratio 29163000.0 -> 29221000.0, 0.199
2022-10-29 21:25:15,201  INFO             Analyzer   205 - cumulative return 28000 -> 28000.0, 0
2022-10-29 21:26:15,536 DEBUG          UpbitTrader   139 - account info | banance: 28000.0 | {'BTC': (0, 0)} | {'BTC': 29212000.0}
2022-10-29 21:26:15,541 DEBUG             Analyzer   168 - make score record new_info {'balance': 28000.0, 'asset': {'BTC': (0, 0)}, 'quote': {'BTC': 29212000.0}, 'date_time': '2022-10-29T21:26:15'}
2022-10-29 21:26:15,541 DEBUG             Analyzer   183 - BTC| yield record: 0 | buy avg: 0.0 | price: 29212000.0 | amount: 0.0
2022-10-29 21:26:15,541 DEBUG             Analyzer   196 - price change ratio 29163000.0 -> 29212000.0, 0.168
2022-10-29 21:26:15,541  INFO             Analyzer   205 - cumulative return 28000 -> 28000.0, 0
2022-10-29 21:27:15,105 DEBUG          UpbitTrader   139 - account info | banance: 28000.0 | {'BTC': (0, 0)} | {'BTC': 29212000.0}
2022-10-29 21:27:15,105 DEBUG             Analyzer   168 - make score record new_info {'balance': 28000.0, 'asset': {'BTC': (0, 0)}, 'quote': {'BTC': 29212000.0}, 'date_time': '2022-10-29T21:27:15'}
2022-10-29 21:27:15,105 DEBUG             Analyzer   183 - BTC| yield record: 0 | buy avg: 0.0 | price: 29212000.0 | amount: 0.0
2022-10-29 21:27:15,105 DEBUG             Analyzer   196 - price change ratio 29163000.0 -> 29212000.0, 0.168
2022-10-29 21:27:15,105  INFO             Analyzer   205 - cumulative return 28000 -> 28000.0, 0
2022-10-29 21:28:15,122 DEBUG          UpbitTrader   139 - account info | banance: 28000.0 | {'BTC': (0, 0)} | {'BTC': 29222000.0}
2022-10-29 21:28:15,125 DEBUG             Analyzer   168 - make score record new_info {'balance': 28000.0, 'asset': {'BTC': (0, 0)}, 'quote': {'BTC': 29222000.0}, 'date_time': '2022-10-29T21:28:15'}
2022-10-29 21:28:15,125 DEBUG             Analyzer   183 - BTC| yield record: 0 | buy avg: 0.0 | price: 29222000.0 | amount: 0.0
2022-10-29 21:28:15,125 DEBUG             Analyzer   196 - price change ratio 29163000.0 -> 29222000.0, 0.202
2022-10-29 21:28:15,126  INFO             Analyzer   205 - cumulative return 28000 -> 28000.0, 0
2022-10-29 21:29:15,116 DEBUG          UpbitTrader   139 - account info | banance: 28000.0 | {'BTC': (0, 0)} | {'BTC': 29220000.0}
2022-10-29 21:29:15,119 DEBUG             Analyzer   168 - make score record new_info {'balance': 28000.0, 'asset': {'BTC': (0, 0)}, 'quote': {'BTC': 29220000.0}, 'date_time': '2022-10-29T21:29:15'}
2022-10-29 21:29:15,119 DEBUG             Analyzer   183 - BTC| yield record: 0 | buy avg: 0.0 | price: 29220000.0 | amount: 0.0
2022-10-29 21:29:15,119 DEBUG             Analyzer   196 - price change ratio 29163000.0 -> 29220000.0, 0.195
2022-10-29 21:29:15,119  INFO             Analyzer   205 - cumulative return 28000 -> 28000.0, 0
2022-10-29 21:30:15,662 DEBUG          UpbitTrader   139 - account info | banance: 28000.0 | {'BTC': (0, 0)} | {'BTC': 29219000.0}
2022-10-29 21:30:15,662 DEBUG             Analyzer   168 - make score record new_info {'balance': 28000.0, 'asset': {'BTC': (0, 0)}, 'quote': {'BTC': 29219000.0}, 'date_time': '2022-10-29T21:30:15'}
2022-10-29 21:30:15,662 DEBUG             Analyzer   183 - BTC| yield record: 0 | buy avg: 0.0 | price: 29219000.0 | amount: 0.0
2022-10-29 21:30:15,662 DEBUG             Analyzer   196 - price change ratio 29163000.0 -> 29219000.0, 0.192
2022-10-29 21:30:15,662  INFO             Analyzer   205 - cumulative return 28000 -> 28000.0, 0
2022-10-29 21:31:15,187 DEBUG          UpbitTrader   139 - account info | banance: 28000.0 | {'BTC': (0, 0)} | {'BTC': 29217000.0}
2022-10-29 21:31:15,187 DEBUG             Analyzer   168 - make score record new_info {'balance': 28000.0, 'asset': {'BTC': (0, 0)}, 'quote': {'BTC': 29217000.0}, 'date_time': '2022-10-29T21:31:15'}
2022-10-29 21:31:15,187 DEBUG             Analyzer   183 - BTC| yield record: 0 | buy avg: 0.0 | price: 29217000.0 | amount: 0.0
2022-10-29 21:31:15,187 DEBUG             Analyzer   196 - price change ratio 29163000.0 -> 29217000.0, 0.185
2022-10-29 21:31:15,187  INFO             Analyzer   205 - cumulative return 28000 -> 28000.0, 0
2022-10-29 21:32:15,486 DEBUG          UpbitTrader   139 - account info | banance: 28000.0 | {'BTC': (0, 0)} | {'BTC': 29182000.0}
2022-10-29 21:32:15,491 DEBUG             Analyzer   168 - make score record new_info {'balance': 28000.0, 'asset': {'BTC': (0, 0)}, 'quote': {'BTC': 29182000.0}, 'date_time': '2022-10-29T21:32:15'}
2022-10-29 21:32:15,492 DEBUG             Analyzer   183 - BTC| yield record: 0 | buy avg: 0.0 | price: 29182000.0 | amount: 0.0
2022-10-29 21:32:15,492 DEBUG             Analyzer   196 - price change ratio 29163000.0 -> 29182000.0, 0.065
2022-10-29 21:32:15,492  INFO             Analyzer   205 - cumulative return 28000 -> 28000.0, 0
2022-10-29 21:33:15,888 DEBUG          UpbitTrader   139 - account info | banance: 28000.0 | {'BTC': (0, 0)} | {'BTC': 29207000.0}
2022-10-29 21:33:15,890 DEBUG             Analyzer   168 - make score record new_info {'balance': 28000.0, 'asset': {'BTC': (0, 0)}, 'quote': {'BTC': 29207000.0}, 'date_time': '2022-10-29T21:33:15'}
2022-10-29 21:33:15,890 DEBUG             Analyzer   183 - BTC| yield record: 0 | buy avg: 0.0 | price: 29207000.0 | amount: 0.0
2022-10-29 21:33:15,891 DEBUG             Analyzer   196 - price change ratio 29163000.0 -> 29207000.0, 0.151
2022-10-29 21:33:15,891  INFO             Analyzer   205 - cumulative return 28000 -> 28000.0, 0
2022-10-29 21:34:15,185 DEBUG          UpbitTrader   139 - account info | banance: 28000.0 | {'BTC': (0, 0)} | {'BTC': 29207000.0}
2022-10-29 21:34:15,191 DEBUG             Analyzer   168 - make score record new_info {'balance': 28000.0, 'asset': {'BTC': (0, 0)}, 'quote': {'BTC': 29207000.0}, 'date_time': '2022-10-29T21:34:15'}
2022-10-29 21:34:15,191 DEBUG             Analyzer   183 - BTC| yield record: 0 | buy avg: 0.0 | price: 29207000.0 | amount: 0.0
2022-10-29 21:34:15,191 DEBUG             Analyzer   196 - price change ratio 29163000.0 -> 29207000.0, 0.151
2022-10-29 21:34:15,192  INFO             Analyzer   205 - cumulative return 28000 -> 28000.0, 0
2022-10-29 21:35:16,616 DEBUG          UpbitTrader   139 - account info | banance: 28000.0 | {'BTC': (0, 0)} | {'BTC': 29204000.0}
2022-10-29 21:35:16,618 DEBUG             Analyzer   168 - make score record new_info {'balance': 28000.0, 'asset': {'BTC': (0, 0)}, 'quote': {'BTC': 29204000.0}, 'date_time': '2022-10-29T21:35:16'}
2022-10-29 21:35:16,618 DEBUG             Analyzer   183 - BTC| yield record: 0 | buy avg: 0.0 | price: 29204000.0 | amount: 0.0
2022-10-29 21:35:16,618 DEBUG             Analyzer   196 - price change ratio 29163000.0 -> 29204000.0, 0.141
2022-10-29 21:35:16,618  INFO             Analyzer   205 - cumulative return 28000 -> 28000.0, 0
2022-10-29 21:36:16,105 DEBUG          UpbitTrader   139 - account info | banance: 28000.0 | {'BTC': (0, 0)} | {'BTC': 29207000.0}
2022-10-29 21:36:16,111 DEBUG             Analyzer   168 - make score record new_info {'balance': 28000.0, 'asset': {'BTC': (0, 0)}, 'quote': {'BTC': 29207000.0}, 'date_time': '2022-10-29T21:36:16'}
2022-10-29 21:36:16,111 DEBUG             Analyzer   183 - BTC| yield record: 0 | buy avg: 0.0 | price: 29207000.0 | amount: 0.0
2022-10-29 21:36:16,111 DEBUG             Analyzer   196 - price change ratio 29163000.0 -> 29207000.0, 0.151
2022-10-29 21:36:16,111  INFO             Analyzer   205 - cumulative return 28000 -> 28000.0, 0
2022-10-29 21:37:16,442 DEBUG          UpbitTrader   139 - account info | banance: 28000.0 | {'BTC': (0, 0)} | {'BTC': 29207000.0}
2022-10-29 21:37:16,448 DEBUG             Analyzer   168 - make score record new_info {'balance': 28000.0, 'asset': {'BTC': (0, 0)}, 'quote': {'BTC': 29207000.0}, 'date_time': '2022-10-29T21:37:16'}
2022-10-29 21:37:16,449 DEBUG             Analyzer   183 - BTC| yield record: 0 | buy avg: 0.0 | price: 29207000.0 | amount: 0.0
2022-10-29 21:37:16,449 DEBUG             Analyzer   196 - price change ratio 29163000.0 -> 29207000.0, 0.151
2022-10-29 21:37:16,449  INFO             Analyzer   205 - cumulative return 28000 -> 28000.0, 0
2022-10-29 21:38:16,373 DEBUG          UpbitTrader   139 - account info | banance: 28000.0 | {'BTC': (0, 0)} | {'BTC': 29206000.0}
2022-10-29 21:38:16,379 DEBUG             Analyzer   168 - make score record new_info {'balance': 28000.0, 'asset': {'BTC': (0, 0)}, 'quote': {'BTC': 29206000.0}, 'date_time': '2022-10-29T21:38:16'}
2022-10-29 21:38:16,379 DEBUG             Analyzer   183 - BTC| yield record: 0 | buy avg: 0.0 | price: 29206000.0 | amount: 0.0
2022-10-29 21:38:16,379 DEBUG             Analyzer   196 - price change ratio 29163000.0 -> 29206000.0, 0.147
2022-10-29 21:38:16,380  INFO             Analyzer   205 - cumulative return 28000 -> 28000.0, 0
2022-10-29 21:39:16,472 DEBUG          UpbitTrader   139 - account info | banance: 28000.0 | {'BTC': (0, 0)} | {'BTC': 29208000.0}
2022-10-29 21:39:16,478 DEBUG             Analyzer   168 - make score record new_info {'balance': 28000.0, 'asset': {'BTC': (0, 0)}, 'quote': {'BTC': 29208000.0}, 'date_time': '2022-10-29T21:39:16'}
2022-10-29 21:39:16,478 DEBUG             Analyzer   183 - BTC| yield record: 0 | buy avg: 0.0 | price: 29208000.0 | amount: 0.0
2022-10-29 21:39:16,478 DEBUG             Analyzer   196 - price change ratio 29163000.0 -> 29208000.0, 0.154
2022-10-29 21:39:16,478  INFO             Analyzer   205 - cumulative return 28000 -> 28000.0, 0
2022-10-29 21:40:16,921 DEBUG          UpbitTrader   139 - account info | banance: 28000.0 | {'BTC': (0, 0)} | {'BTC': 29185000.0}
2022-10-29 21:40:16,924 DEBUG             Analyzer   168 - make score record new_info {'balance': 28000.0, 'asset': {'BTC': (0, 0)}, 'quote': {'BTC': 29185000.0}, 'date_time': '2022-10-29T21:40:16'}
2022-10-29 21:40:16,925 DEBUG             Analyzer   183 - BTC| yield record: 0 | buy avg: 0.0 | price: 29185000.0 | amount: 0.0
2022-10-29 21:40:16,925 DEBUG             Analyzer   196 - price change ratio 29163000.0 -> 29185000.0, 0.075
2022-10-29 21:40:16,925  INFO             Analyzer   205 - cumulative return 28000 -> 28000.0, 0
2022-10-29 21:41:16,320 DEBUG          UpbitTrader   139 - account info | banance: 28000.0 | {'BTC': (0, 0)} | {'BTC': 29219000.0}
2022-10-29 21:41:16,325 DEBUG             Analyzer   168 - make score record new_info {'balance': 28000.0, 'asset': {'BTC': (0, 0)}, 'quote': {'BTC': 29219000.0}, 'date_time': '2022-10-29T21:41:16'}
2022-10-29 21:41:16,326 DEBUG             Analyzer   183 - BTC| yield record: 0 | buy avg: 0.0 | price: 29219000.0 | amount: 0.0
2022-10-29 21:41:16,326 DEBUG             Analyzer   196 - price change ratio 29163000.0 -> 29219000.0, 0.192
2022-10-29 21:41:16,326  INFO             Analyzer   205 - cumulative return 28000 -> 28000.0, 0
2022-10-29 21:42:16,702 DEBUG          UpbitTrader   139 - account info | banance: 28000.0 | {'BTC': (0, 0)} | {'BTC': 29215000.0}
2022-10-29 21:42:16,702 DEBUG             Analyzer   168 - make score record new_info {'balance': 28000.0, 'asset': {'BTC': (0, 0)}, 'quote': {'BTC': 29215000.0}, 'date_time': '2022-10-29T21:42:16'}
2022-10-29 21:42:16,702 DEBUG             Analyzer   183 - BTC| yield record: 0 | buy avg: 0.0 | price: 29215000.0 | amount: 0.0
2022-10-29 21:42:16,702 DEBUG             Analyzer   196 - price change ratio 29163000.0 -> 29215000.0, 0.178
2022-10-29 21:42:16,703  INFO             Analyzer   205 - cumulative return 28000 -> 28000.0, 0
2022-10-29 21:43:18,005 DEBUG          UpbitTrader   139 - account info | banance: 28000.0 | {'BTC': (0, 0)} | {'BTC': 29220000.0}
2022-10-29 21:43:18,011 DEBUG             Analyzer   168 - make score record new_info {'balance': 28000.0, 'asset': {'BTC': (0, 0)}, 'quote': {'BTC': 29220000.0}, 'date_time': '2022-10-29T21:43:18'}
2022-10-29 21:43:18,011 DEBUG             Analyzer   183 - BTC| yield record: 0 | buy avg: 0.0 | price: 29220000.0 | amount: 0.0
2022-10-29 21:43:18,011 DEBUG             Analyzer   196 - price change ratio 29163000.0 -> 29220000.0, 0.195
2022-10-29 21:43:18,011  INFO             Analyzer   205 - cumulative return 28000 -> 28000.0, 0
2022-10-29 21:44:18,914 DEBUG          UpbitTrader   139 - account info | banance: 28000.0 | {'BTC': (0, 0)} | {'BTC': 29228000.0}
2022-10-29 21:44:18,920 DEBUG             Analyzer   168 - make score record new_info {'balance': 28000.0, 'asset': {'BTC': (0, 0)}, 'quote': {'BTC': 29228000.0}, 'date_time': '2022-10-29T21:44:18'}
2022-10-29 21:44:18,920 DEBUG             Analyzer   183 - BTC| yield record: 0 | buy avg: 0.0 | price: 29228000.0 | amount: 0.0
2022-10-29 21:44:18,921 DEBUG             Analyzer   196 - price change ratio 29163000.0 -> 29228000.0, 0.223
2022-10-29 21:44:18,921  INFO             Analyzer   205 - cumulative return 28000 -> 28000.0, 0
2022-10-29 21:45:18,384 DEBUG          UpbitTrader   139 - account info | banance: 28000.0 | {'BTC': (0, 0)} | {'BTC': 29226000.0}
2022-10-29 21:45:18,384 DEBUG             Analyzer   168 - make score record new_info {'balance': 28000.0, 'asset': {'BTC': (0, 0)}, 'quote': {'BTC': 29226000.0}, 'date_time': '2022-10-29T21:45:18'}
2022-10-29 21:45:18,385 DEBUG             Analyzer   183 - BTC| yield record: 0 | buy avg: 0.0 | price: 29226000.0 | amount: 0.0
2022-10-29 21:45:18,385 DEBUG             Analyzer   196 - price change ratio 29163000.0 -> 29226000.0, 0.216
2022-10-29 21:45:18,385  INFO             Analyzer   205 - cumulative return 28000 -> 28000.0, 0
2022-10-29 21:46:18,240 DEBUG          UpbitTrader   139 - account info | banance: 28000.0 | {'BTC': (0, 0)} | {'BTC': 29209000.0}
2022-10-29 21:46:18,242 DEBUG             Analyzer   168 - make score record new_info {'balance': 28000.0, 'asset': {'BTC': (0, 0)}, 'quote': {'BTC': 29209000.0}, 'date_time': '2022-10-29T21:46:18'}
2022-10-29 21:46:18,243 DEBUG             Analyzer   183 - BTC| yield record: 0 | buy avg: 0.0 | price: 29209000.0 | amount: 0.0
2022-10-29 21:46:18,243 DEBUG             Analyzer   196 - price change ratio 29163000.0 -> 29209000.0, 0.158
2022-10-29 21:46:18,243  INFO             Analyzer   205 - cumulative return 28000 -> 28000.0, 0
2022-10-29 21:47:18,821 DEBUG          UpbitTrader   139 - account info | banance: 28000.0 | {'BTC': (0, 0)} | {'BTC': 29218000.0}
2022-10-29 21:47:18,822 DEBUG             Analyzer   168 - make score record new_info {'balance': 28000.0, 'asset': {'BTC': (0, 0)}, 'quote': {'BTC': 29218000.0}, 'date_time': '2022-10-29T21:47:18'}
2022-10-29 21:47:18,822 DEBUG             Analyzer   183 - BTC| yield record: 0 | buy avg: 0.0 | price: 29218000.0 | amount: 0.0
2022-10-29 21:47:18,822 DEBUG             Analyzer   196 - price change ratio 29163000.0 -> 29218000.0, 0.189
2022-10-29 21:47:18,823  INFO             Analyzer   205 - cumulative return 28000 -> 28000.0, 0
2022-10-29 21:48:18,739 DEBUG          UpbitTrader   139 - account info | banance: 28000.0 | {'BTC': (0, 0)} | {'BTC': 29203000.0}
2022-10-29 21:48:18,744 DEBUG             Analyzer   168 - make score record new_info {'balance': 28000.0, 'asset': {'BTC': (0, 0)}, 'quote': {'BTC': 29203000.0}, 'date_time': '2022-10-29T21:48:18'}
2022-10-29 21:48:18,745 DEBUG             Analyzer   183 - BTC| yield record: 0 | buy avg: 0.0 | price: 29203000.0 | amount: 0.0
2022-10-29 21:48:18,745 DEBUG             Analyzer   196 - price change ratio 29163000.0 -> 29203000.0, 0.137
2022-10-29 21:48:18,745  INFO             Analyzer   205 - cumulative return 28000 -> 28000.0, 0
2022-10-29 21:49:18,107 DEBUG          UpbitTrader   139 - account info | banance: 28000.0 | {'BTC': (0, 0)} | {'BTC': 29186000.0}
2022-10-29 21:49:18,112 DEBUG             Analyzer   168 - make score record new_info {'balance': 28000.0, 'asset': {'BTC': (0, 0)}, 'quote': {'BTC': 29186000.0}, 'date_time': '2022-10-29T21:49:18'}
2022-10-29 21:49:18,113 DEBUG             Analyzer   183 - BTC| yield record: 0 | buy avg: 0.0 | price: 29186000.0 | amount: 0.0
2022-10-29 21:49:18,113 DEBUG             Analyzer   196 - price change ratio 29163000.0 -> 29186000.0, 0.079
2022-10-29 21:49:18,113  INFO             Analyzer   205 - cumulative return 28000 -> 28000.0, 0
2022-10-29 21:50:18,242 DEBUG          UpbitTrader   139 - account info | banance: 28000.0 | {'BTC': (0, 0)} | {'BTC': 29211000.0}
2022-10-29 21:50:18,242 DEBUG             Analyzer   168 - make score record new_info {'balance': 28000.0, 'asset': {'BTC': (0, 0)}, 'quote': {'BTC': 29211000.0}, 'date_time': '2022-10-29T21:50:18'}
2022-10-29 21:50:18,242 DEBUG             Analyzer   183 - BTC| yield record: 0 | buy avg: 0.0 | price: 29211000.0 | amount: 0.0
2022-10-29 21:50:18,242 DEBUG             Analyzer   196 - price change ratio 29163000.0 -> 29211000.0, 0.165
2022-10-29 21:50:18,242  INFO             Analyzer   205 - cumulative return 28000 -> 28000.0, 0
2022-10-29 21:51:18,103 DEBUG          UpbitTrader   139 - account info | banance: 28000.0 | {'BTC': (0, 0)} | {'BTC': 29220000.0}
2022-10-29 21:51:18,104 DEBUG             Analyzer   168 - make score record new_info {'balance': 28000.0, 'asset': {'BTC': (0, 0)}, 'quote': {'BTC': 29220000.0}, 'date_time': '2022-10-29T21:51:18'}
2022-10-29 21:51:18,104 DEBUG             Analyzer   183 - BTC| yield record: 0 | buy avg: 0.0 | price: 29220000.0 | amount: 0.0
2022-10-29 21:51:18,104 DEBUG             Analyzer   196 - price change ratio 29163000.0 -> 29220000.0, 0.195
2022-10-29 21:51:18,104  INFO             Analyzer   205 - cumulative return 28000 -> 28000.0, 0
2022-10-29 21:52:18,152 DEBUG          UpbitTrader   139 - account info | banance: 28000.0 | {'BTC': (0, 0)} | {'BTC': 29230000.0}
2022-10-29 21:52:18,152 DEBUG             Analyzer   168 - make score record new_info {'balance': 28000.0, 'asset': {'BTC': (0, 0)}, 'quote': {'BTC': 29230000.0}, 'date_time': '2022-10-29T21:52:18'}
2022-10-29 21:52:18,152 DEBUG             Analyzer   183 - BTC| yield record: 0 | buy avg: 0.0 | price: 29230000.0 | amount: 0.0
2022-10-29 21:52:18,152 DEBUG             Analyzer   196 - price change ratio 29163000.0 -> 29230000.0, 0.23
2022-10-29 21:52:18,152  INFO             Analyzer   205 - cumulative return 28000 -> 28000.0, 0
2022-10-29 21:53:18,173 DEBUG          UpbitTrader   139 - account info | banance: 28000.0 | {'BTC': (0, 0)} | {'BTC': 29233000.0}
2022-10-29 21:53:18,173 DEBUG             Analyzer   168 - make score record new_info {'balance': 28000.0, 'asset': {'BTC': (0, 0)}, 'quote': {'BTC': 29233000.0}, 'date_time': '2022-10-29T21:53:18'}
2022-10-29 21:53:18,173 DEBUG             Analyzer   183 - BTC| yield record: 0 | buy avg: 0.0 | price: 29233000.0 | amount: 0.0
2022-10-29 21:53:18,173 DEBUG             Analyzer   196 - price change ratio 29163000.0 -> 29233000.0, 0.24
2022-10-29 21:53:18,179  INFO             Analyzer   205 - cumulative return 28000 -> 28000.0, 0
2022-10-29 21:54:18,061 DEBUG          UpbitTrader   139 - account info | banance: 28000.0 | {'BTC': (0, 0)} | {'BTC': 29232000.0}
2022-10-29 21:54:18,062 DEBUG             Analyzer   168 - make score record new_info {'balance': 28000.0, 'asset': {'BTC': (0, 0)}, 'quote': {'BTC': 29232000.0}, 'date_time': '2022-10-29T21:54:18'}
2022-10-29 21:54:18,062 DEBUG             Analyzer   183 - BTC| yield record: 0 | buy avg: 0.0 | price: 29232000.0 | amount: 0.0
2022-10-29 21:54:18,062 DEBUG             Analyzer   196 - price change ratio 29163000.0 -> 29232000.0, 0.237
2022-10-29 21:54:18,062  INFO             Analyzer   205 - cumulative return 28000 -> 28000.0, 0
2022-10-29 21:55:18,097 DEBUG          UpbitTrader   139 - account info | banance: 28000.0 | {'BTC': (0, 0)} | {'BTC': 29237000.0}
2022-10-29 21:55:18,097 DEBUG             Analyzer   168 - make score record new_info {'balance': 28000.0, 'asset': {'BTC': (0, 0)}, 'quote': {'BTC': 29237000.0}, 'date_time': '2022-10-29T21:55:18'}
2022-10-29 21:55:18,097 DEBUG             Analyzer   183 - BTC| yield record: 0 | buy avg: 0.0 | price: 29237000.0 | amount: 0.0
2022-10-29 21:55:18,097 DEBUG             Analyzer   196 - price change ratio 29163000.0 -> 29237000.0, 0.254
2022-10-29 21:55:18,097  INFO             Analyzer   205 - cumulative return 28000 -> 28000.0, 0
2022-10-29 21:56:18,211 DEBUG          UpbitTrader   139 - account info | banance: 28000.0 | {'BTC': (0, 0)} | {'BTC': 29229000.0}
2022-10-29 21:56:18,212 DEBUG             Analyzer   168 - make score record new_info {'balance': 28000.0, 'asset': {'BTC': (0, 0)}, 'quote': {'BTC': 29229000.0}, 'date_time': '2022-10-29T21:56:18'}
2022-10-29 21:56:18,212 DEBUG             Analyzer   183 - BTC| yield record: 0 | buy avg: 0.0 | price: 29229000.0 | amount: 0.0
2022-10-29 21:56:18,212 DEBUG             Analyzer   196 - price change ratio 29163000.0 -> 29229000.0, 0.226
2022-10-29 21:56:18,212  INFO             Analyzer   205 - cumulative return 28000 -> 28000.0, 0
2022-10-29 21:57:18,230 DEBUG          UpbitTrader   139 - account info | banance: 28000.0 | {'BTC': (0, 0)} | {'BTC': 29227000.0}
2022-10-29 21:57:18,230 DEBUG             Analyzer   168 - make score record new_info {'balance': 28000.0, 'asset': {'BTC': (0, 0)}, 'quote': {'BTC': 29227000.0}, 'date_time': '2022-10-29T21:57:18'}
2022-10-29 21:57:18,230 DEBUG             Analyzer   183 - BTC| yield record: 0 | buy avg: 0.0 | price: 29227000.0 | amount: 0.0
2022-10-29 21:57:18,231 DEBUG             Analyzer   196 - price change ratio 29163000.0 -> 29227000.0, 0.219
2022-10-29 21:57:18,231  INFO             Analyzer   205 - cumulative return 28000 -> 28000.0, 0
2022-10-29 21:58:18,108 DEBUG          UpbitTrader   139 - account info | banance: 28000.0 | {'BTC': (0, 0)} | {'BTC': 29225000.0}
2022-10-29 21:58:18,108 DEBUG             Analyzer   168 - make score record new_info {'balance': 28000.0, 'asset': {'BTC': (0, 0)}, 'quote': {'BTC': 29225000.0}, 'date_time': '2022-10-29T21:58:18'}
2022-10-29 21:58:18,108 DEBUG             Analyzer   183 - BTC| yield record: 0 | buy avg: 0.0 | price: 29225000.0 | amount: 0.0
2022-10-29 21:58:18,108 DEBUG             Analyzer   196 - price change ratio 29163000.0 -> 29225000.0, 0.213
2022-10-29 21:58:18,108  INFO             Analyzer   205 - cumulative return 28000 -> 28000.0, 0
2022-10-29 21:59:18,530 DEBUG          UpbitTrader   139 - account info | banance: 28000.0 | {'BTC': (0, 0)} | {'BTC': 29195000.0}
2022-10-29 21:59:18,530 DEBUG             Analyzer   168 - make score record new_info {'balance': 28000.0, 'asset': {'BTC': (0, 0)}, 'quote': {'BTC': 29195000.0}, 'date_time': '2022-10-29T21:59:18'}
2022-10-29 21:59:18,530 DEBUG             Analyzer   183 - BTC| yield record: 0 | buy avg: 0.0 | price: 29195000.0 | amount: 0.0
2022-10-29 21:59:18,530 DEBUG             Analyzer   196 - price change ratio 29163000.0 -> 29195000.0, 0.11
2022-10-29 21:59:18,530  INFO             Analyzer   205 - cumulative return 28000 -> 28000.0, 0
2022-10-29 22:00:18,252 DEBUG          UpbitTrader   139 - account info | banance: 28000.0 | {'BTC': (0, 0)} | {'BTC': 29201000.0}
2022-10-29 22:00:18,252 DEBUG             Analyzer   168 - make score record new_info {'balance': 28000.0, 'asset': {'BTC': (0, 0)}, 'quote': {'BTC': 29201000.0}, 'date_time': '2022-10-29T22:00:18'}
2022-10-29 22:00:18,252 DEBUG             Analyzer   183 - BTC| yield record: 0 | buy avg: 0.0 | price: 29201000.0 | amount: 0.0
2022-10-29 22:00:18,252 DEBUG             Analyzer   196 - price change ratio 29163000.0 -> 29201000.0, 0.13
2022-10-29 22:00:18,252  INFO             Analyzer   205 - cumulative return 28000 -> 28000.0, 0
2022-10-29 22:01:18,124 DEBUG          UpbitTrader   139 - account info | banance: 28000.0 | {'BTC': (0, 0)} | {'BTC': 29219000.0}
2022-10-29 22:01:18,124 DEBUG             Analyzer   168 - make score record new_info {'balance': 28000.0, 'asset': {'BTC': (0, 0)}, 'quote': {'BTC': 29219000.0}, 'date_time': '2022-10-29T22:01:18'}
2022-10-29 22:01:18,125 DEBUG             Analyzer   183 - BTC| yield record: 0 | buy avg: 0.0 | price: 29219000.0 | amount: 0.0
2022-10-29 22:01:18,125 DEBUG             Analyzer   196 - price change ratio 29163000.0 -> 29219000.0, 0.192
2022-10-29 22:01:18,125  INFO             Analyzer   205 - cumulative return 28000 -> 28000.0, 0
2022-10-29 22:02:18,132 DEBUG          UpbitTrader   139 - account info | banance: 28000.0 | {'BTC': (0, 0)} | {'BTC': 29199000.0}
2022-10-29 22:02:18,137 DEBUG             Analyzer   168 - make score record new_info {'balance': 28000.0, 'asset': {'BTC': (0, 0)}, 'quote': {'BTC': 29199000.0}, 'date_time': '2022-10-29T22:02:18'}
2022-10-29 22:02:18,137 DEBUG             Analyzer   183 - BTC| yield record: 0 | buy avg: 0.0 | price: 29199000.0 | amount: 0.0
2022-10-29 22:02:18,138 DEBUG             Analyzer   196 - price change ratio 29163000.0 -> 29199000.0, 0.123
2022-10-29 22:02:18,138  INFO             Analyzer   205 - cumulative return 28000 -> 28000.0, 0
2022-10-29 22:03:18,305 DEBUG          UpbitTrader   139 - account info | banance: 28000.0 | {'BTC': (0, 0)} | {'BTC': 29237000.0}
2022-10-29 22:03:18,306 DEBUG             Analyzer   168 - make score record new_info {'balance': 28000.0, 'asset': {'BTC': (0, 0)}, 'quote': {'BTC': 29237000.0}, 'date_time': '2022-10-29T22:03:18'}
2022-10-29 22:03:18,306 DEBUG             Analyzer   183 - BTC| yield record: 0 | buy avg: 0.0 | price: 29237000.0 | amount: 0.0
2022-10-29 22:03:18,306 DEBUG             Analyzer   196 - price change ratio 29163000.0 -> 29237000.0, 0.254
2022-10-29 22:03:18,306  INFO             Analyzer   205 - cumulative return 28000 -> 28000.0, 0
2022-10-29 22:04:18,110 DEBUG          UpbitTrader   139 - account info | banance: 28000.0 | {'BTC': (0, 0)} | {'BTC': 29229000.0}
2022-10-29 22:04:18,110 DEBUG             Analyzer   168 - make score record new_info {'balance': 28000.0, 'asset': {'BTC': (0, 0)}, 'quote': {'BTC': 29229000.0}, 'date_time': '2022-10-29T22:04:18'}
2022-10-29 22:04:18,110 DEBUG             Analyzer   183 - BTC| yield record: 0 | buy avg: 0.0 | price: 29229000.0 | amount: 0.0
2022-10-29 22:04:18,110 DEBUG             Analyzer   196 - price change ratio 29163000.0 -> 29229000.0, 0.226
2022-10-29 22:04:18,110  INFO             Analyzer   205 - cumulative return 28000 -> 28000.0, 0
2022-10-29 22:05:18,108 DEBUG          UpbitTrader   139 - account info | banance: 28000.0 | {'BTC': (0, 0)} | {'BTC': 29217000.0}
2022-10-29 22:05:18,108 DEBUG             Analyzer   168 - make score record new_info {'balance': 28000.0, 'asset': {'BTC': (0, 0)}, 'quote': {'BTC': 29217000.0}, 'date_time': '2022-10-29T22:05:18'}
2022-10-29 22:05:18,108 DEBUG             Analyzer   183 - BTC| yield record: 0 | buy avg: 0.0 | price: 29217000.0 | amount: 0.0
2022-10-29 22:05:18,109 DEBUG             Analyzer   196 - price change ratio 29163000.0 -> 29217000.0, 0.185
2022-10-29 22:05:18,109  INFO             Analyzer   205 - cumulative return 28000 -> 28000.0, 0
2022-10-29 22:06:18,173 DEBUG          UpbitTrader   139 - account info | banance: 28000.0 | {'BTC': (0, 0)} | {'BTC': 29221000.0}
2022-10-29 22:06:18,179 DEBUG             Analyzer   168 - make score record new_info {'balance': 28000.0, 'asset': {'BTC': (0, 0)}, 'quote': {'BTC': 29221000.0}, 'date_time': '2022-10-29T22:06:18'}
2022-10-29 22:06:18,179 DEBUG             Analyzer   183 - BTC| yield record: 0 | buy avg: 0.0 | price: 29221000.0 | amount: 0.0
2022-10-29 22:06:18,180 DEBUG             Analyzer   196 - price change ratio 29163000.0 -> 29221000.0, 0.199
2022-10-29 22:06:18,180  INFO             Analyzer   205 - cumulative return 28000 -> 28000.0, 0
2022-10-29 22:07:18,224 DEBUG          UpbitTrader   139 - account info | banance: 28000.0 | {'BTC': (0, 0)} | {'BTC': 29223000.0}
2022-10-29 22:07:18,224 DEBUG             Analyzer   168 - make score record new_info {'balance': 28000.0, 'asset': {'BTC': (0, 0)}, 'quote': {'BTC': 29223000.0}, 'date_time': '2022-10-29T22:07:18'}
2022-10-29 22:07:18,224 DEBUG             Analyzer   183 - BTC| yield record: 0 | buy avg: 0.0 | price: 29223000.0 | amount: 0.0
2022-10-29 22:07:18,224 DEBUG             Analyzer   196 - price change ratio 29163000.0 -> 29223000.0, 0.206
2022-10-29 22:07:18,224  INFO             Analyzer   205 - cumulative return 28000 -> 28000.0, 0
2022-10-29 22:08:18,129 DEBUG          UpbitTrader   139 - account info | banance: 28000.0 | {'BTC': (0, 0)} | {'BTC': 29220000.0}
2022-10-29 22:08:18,129 DEBUG             Analyzer   168 - make score record new_info {'balance': 28000.0, 'asset': {'BTC': (0, 0)}, 'quote': {'BTC': 29220000.0}, 'date_time': '2022-10-29T22:08:18'}
2022-10-29 22:08:18,129 DEBUG             Analyzer   183 - BTC| yield record: 0 | buy avg: 0.0 | price: 29220000.0 | amount: 0.0
2022-10-29 22:08:18,130 DEBUG             Analyzer   196 - price change ratio 29163000.0 -> 29220000.0, 0.195
2022-10-29 22:08:18,130  INFO             Analyzer   205 - cumulative return 28000 -> 28000.0, 0
2022-10-29 22:09:18,160 DEBUG          UpbitTrader   139 - account info | banance: 28000.0 | {'BTC': (0, 0)} | {'BTC': 29212000.0}
2022-10-29 22:09:18,160 DEBUG             Analyzer   168 - make score record new_info {'balance': 28000.0, 'asset': {'BTC': (0, 0)}, 'quote': {'BTC': 29212000.0}, 'date_time': '2022-10-29T22:09:18'}
2022-10-29 22:09:18,160 DEBUG             Analyzer   183 - BTC| yield record: 0 | buy avg: 0.0 | price: 29212000.0 | amount: 0.0
2022-10-29 22:09:18,160 DEBUG             Analyzer   196 - price change ratio 29163000.0 -> 29212000.0, 0.168
2022-10-29 22:09:18,160  INFO             Analyzer   205 - cumulative return 28000 -> 28000.0, 0
2022-10-29 22:10:18,089 DEBUG          UpbitTrader   139 - account info | banance: 28000.0 | {'BTC': (0, 0)} | {'BTC': 29228000.0}
2022-10-29 22:10:18,089 DEBUG             Analyzer   168 - make score record new_info {'balance': 28000.0, 'asset': {'BTC': (0, 0)}, 'quote': {'BTC': 29228000.0}, 'date_time': '2022-10-29T22:10:18'}
2022-10-29 22:10:18,089 DEBUG             Analyzer   183 - BTC| yield record: 0 | buy avg: 0.0 | price: 29228000.0 | amount: 0.0
2022-10-29 22:10:18,089 DEBUG             Analyzer   196 - price change ratio 29163000.0 -> 29228000.0, 0.223
2022-10-29 22:10:18,089  INFO             Analyzer   205 - cumulative return 28000 -> 28000.0, 0
2022-10-29 22:11:18,327 DEBUG          UpbitTrader   139 - account info | banance: 28000.0 | {'BTC': (0, 0)} | {'BTC': 29224000.0}
2022-10-29 22:11:18,328 DEBUG             Analyzer   168 - make score record new_info {'balance': 28000.0, 'asset': {'BTC': (0, 0)}, 'quote': {'BTC': 29224000.0}, 'date_time': '2022-10-29T22:11:18'}
2022-10-29 22:11:18,328 DEBUG             Analyzer   183 - BTC| yield record: 0 | buy avg: 0.0 | price: 29224000.0 | amount: 0.0
2022-10-29 22:11:18,329 DEBUG             Analyzer   196 - price change ratio 29163000.0 -> 29224000.0, 0.209
2022-10-29 22:11:18,329  INFO             Analyzer   205 - cumulative return 28000 -> 28000.0, 0
2022-10-29 22:12:18,181 DEBUG          UpbitTrader   139 - account info | banance: 28000.0 | {'BTC': (0, 0)} | {'BTC': 29222000.0}
2022-10-29 22:12:18,181 DEBUG             Analyzer   168 - make score record new_info {'balance': 28000.0, 'asset': {'BTC': (0, 0)}, 'quote': {'BTC': 29222000.0}, 'date_time': '2022-10-29T22:12:18'}
2022-10-29 22:12:18,182 DEBUG             Analyzer   183 - BTC| yield record: 0 | buy avg: 0.0 | price: 29222000.0 | amount: 0.0
2022-10-29 22:12:18,182 DEBUG             Analyzer   196 - price change ratio 29163000.0 -> 29222000.0, 0.202
2022-10-29 22:12:18,182  INFO             Analyzer   205 - cumulative return 28000 -> 28000.0, 0
2022-10-29 22:13:18,418 DEBUG          UpbitTrader   139 - account info | banance: 28000.0 | {'BTC': (0, 0)} | {'BTC': 29200000.0}
2022-10-29 22:13:18,418 DEBUG             Analyzer   168 - make score record new_info {'balance': 28000.0, 'asset': {'BTC': (0, 0)}, 'quote': {'BTC': 29200000.0}, 'date_time': '2022-10-29T22:13:18'}
2022-10-29 22:13:18,418 DEBUG             Analyzer   183 - BTC| yield record: 0 | buy avg: 0.0 | price: 29200000.0 | amount: 0.0
2022-10-29 22:13:18,418 DEBUG             Analyzer   196 - price change ratio 29163000.0 -> 29200000.0, 0.127
2022-10-29 22:13:18,418  INFO             Analyzer   205 - cumulative return 28000 -> 28000.0, 0
2022-10-29 22:14:18,201 DEBUG          UpbitTrader   139 - account info | banance: 28000.0 | {'BTC': (0, 0)} | {'BTC': 29219000.0}
2022-10-29 22:14:18,201 DEBUG             Analyzer   168 - make score record new_info {'balance': 28000.0, 'asset': {'BTC': (0, 0)}, 'quote': {'BTC': 29219000.0}, 'date_time': '2022-10-29T22:14:18'}
2022-10-29 22:14:18,201 DEBUG             Analyzer   183 - BTC| yield record: 0 | buy avg: 0.0 | price: 29219000.0 | amount: 0.0
2022-10-29 22:14:18,201 DEBUG             Analyzer   196 - price change ratio 29163000.0 -> 29219000.0, 0.192
2022-10-29 22:14:18,201  INFO             Analyzer   205 - cumulative return 28000 -> 28000.0, 0
2022-10-29 22:15:18,204 DEBUG          UpbitTrader   139 - account info | banance: 28000.0 | {'BTC': (0, 0)} | {'BTC': 29220000.0}
2022-10-29 22:15:18,205 DEBUG             Analyzer   168 - make score record new_info {'balance': 28000.0, 'asset': {'BTC': (0, 0)}, 'quote': {'BTC': 29220000.0}, 'date_time': '2022-10-29T22:15:18'}
2022-10-29 22:15:18,205 DEBUG             Analyzer   183 - BTC| yield record: 0 | buy avg: 0.0 | price: 29220000.0 | amount: 0.0
2022-10-29 22:15:18,205 DEBUG             Analyzer   196 - price change ratio 29163000.0 -> 29220000.0, 0.195
2022-10-29 22:15:18,205  INFO             Analyzer   205 - cumulative return 28000 -> 28000.0, 0
2022-10-29 22:16:18,074 DEBUG          UpbitTrader   139 - account info | banance: 28000.0 | {'BTC': (0, 0)} | {'BTC': 29201000.0}
2022-10-29 22:16:18,079 DEBUG             Analyzer   168 - make score record new_info {'balance': 28000.0, 'asset': {'BTC': (0, 0)}, 'quote': {'BTC': 29201000.0}, 'date_time': '2022-10-29T22:16:18'}
2022-10-29 22:16:18,079 DEBUG             Analyzer   183 - BTC| yield record: 0 | buy avg: 0.0 | price: 29201000.0 | amount: 0.0
2022-10-29 22:16:18,079 DEBUG             Analyzer   196 - price change ratio 29163000.0 -> 29201000.0, 0.13
2022-10-29 22:16:18,080  INFO             Analyzer   205 - cumulative return 28000 -> 28000.0, 0
2022-10-29 22:17:18,261 DEBUG          UpbitTrader   139 - account info | banance: 28000.0 | {'BTC': (0, 0)} | {'BTC': 29198000.0}
2022-10-29 22:17:18,267 DEBUG             Analyzer   168 - make score record new_info {'balance': 28000.0, 'asset': {'BTC': (0, 0)}, 'quote': {'BTC': 29198000.0}, 'date_time': '2022-10-29T22:17:18'}
2022-10-29 22:17:18,267 DEBUG             Analyzer   183 - BTC| yield record: 0 | buy avg: 0.0 | price: 29198000.0 | amount: 0.0
2022-10-29 22:17:18,267 DEBUG             Analyzer   196 - price change ratio 29163000.0 -> 29198000.0, 0.12
2022-10-29 22:17:18,267  INFO             Analyzer   205 - cumulative return 28000 -> 28000.0, 0
2022-10-29 22:18:18,165 DEBUG          UpbitTrader   139 - account info | banance: 28000.0 | {'BTC': (0, 0)} | {'BTC': 29221000.0}
2022-10-29 22:18:18,165 DEBUG             Analyzer   168 - make score record new_info {'balance': 28000.0, 'asset': {'BTC': (0, 0)}, 'quote': {'BTC': 29221000.0}, 'date_time': '2022-10-29T22:18:18'}
2022-10-29 22:18:18,171 DEBUG             Analyzer   183 - BTC| yield record: 0 | buy avg: 0.0 | price: 29221000.0 | amount: 0.0
2022-10-29 22:18:18,171 DEBUG             Analyzer   196 - price change ratio 29163000.0 -> 29221000.0, 0.199
2022-10-29 22:18:18,172  INFO             Analyzer   205 - cumulative return 28000 -> 28000.0, 0
2022-10-29 22:19:18,215 DEBUG          UpbitTrader   139 - account info | banance: 28000.0 | {'BTC': (0, 0)} | {'BTC': 29220000.0}
2022-10-29 22:19:18,216 DEBUG             Analyzer   168 - make score record new_info {'balance': 28000.0, 'asset': {'BTC': (0, 0)}, 'quote': {'BTC': 29220000.0}, 'date_time': '2022-10-29T22:19:18'}
2022-10-29 22:19:18,216 DEBUG             Analyzer   183 - BTC| yield record: 0 | buy avg: 0.0 | price: 29220000.0 | amount: 0.0
2022-10-29 22:19:18,216 DEBUG             Analyzer   196 - price change ratio 29163000.0 -> 29220000.0, 0.195
2022-10-29 22:19:18,216  INFO             Analyzer   205 - cumulative return 28000 -> 28000.0, 0
2022-10-29 22:20:18,170 DEBUG          UpbitTrader   139 - account info | banance: 28000.0 | {'BTC': (0, 0)} | {'BTC': 29219000.0}
2022-10-29 22:20:18,175 DEBUG             Analyzer   168 - make score record new_info {'balance': 28000.0, 'asset': {'BTC': (0, 0)}, 'quote': {'BTC': 29219000.0}, 'date_time': '2022-10-29T22:20:18'}
2022-10-29 22:20:18,176 DEBUG             Analyzer   183 - BTC| yield record: 0 | buy avg: 0.0 | price: 29219000.0 | amount: 0.0
2022-10-29 22:20:18,176 DEBUG             Analyzer   196 - price change ratio 29163000.0 -> 29219000.0, 0.192
2022-10-29 22:20:18,176  INFO             Analyzer   205 - cumulative return 28000 -> 28000.0, 0
2022-10-29 22:21:18,279 DEBUG          UpbitTrader   139 - account info | banance: 28000.0 | {'BTC': (0, 0)} | {'BTC': 29212000.0}
2022-10-29 22:21:18,280 DEBUG             Analyzer   168 - make score record new_info {'balance': 28000.0, 'asset': {'BTC': (0, 0)}, 'quote': {'BTC': 29212000.0}, 'date_time': '2022-10-29T22:21:18'}
2022-10-29 22:21:18,280 DEBUG             Analyzer   183 - BTC| yield record: 0 | buy avg: 0.0 | price: 29212000.0 | amount: 0.0
2022-10-29 22:21:18,280 DEBUG             Analyzer   196 - price change ratio 29163000.0 -> 29212000.0, 0.168
2022-10-29 22:21:18,280  INFO             Analyzer   205 - cumulative return 28000 -> 28000.0, 0
2022-10-29 22:22:18,113 DEBUG          UpbitTrader   139 - account info | banance: 28000.0 | {'BTC': (0, 0)} | {'BTC': 29188000.0}
2022-10-29 22:22:18,118 DEBUG             Analyzer   168 - make score record new_info {'balance': 28000.0, 'asset': {'BTC': (0, 0)}, 'quote': {'BTC': 29188000.0}, 'date_time': '2022-10-29T22:22:18'}
2022-10-29 22:22:18,118 DEBUG             Analyzer   183 - BTC| yield record: 0 | buy avg: 0.0 | price: 29188000.0 | amount: 0.0
2022-10-29 22:22:18,119 DEBUG             Analyzer   196 - price change ratio 29163000.0 -> 29188000.0, 0.086
2022-10-29 22:22:18,119  INFO             Analyzer   205 - cumulative return 28000 -> 28000.0, 0
2022-10-29 22:23:18,214 DEBUG          UpbitTrader   139 - account info | banance: 28000.0 | {'BTC': (0, 0)} | {'BTC': 29211000.0}
2022-10-29 22:23:18,214 DEBUG             Analyzer   168 - make score record new_info {'balance': 28000.0, 'asset': {'BTC': (0, 0)}, 'quote': {'BTC': 29211000.0}, 'date_time': '2022-10-29T22:23:18'}
2022-10-29 22:23:18,214 DEBUG             Analyzer   183 - BTC| yield record: 0 | buy avg: 0.0 | price: 29211000.0 | amount: 0.0
2022-10-29 22:23:18,214 DEBUG             Analyzer   196 - price change ratio 29163000.0 -> 29211000.0, 0.165
2022-10-29 22:23:18,214  INFO             Analyzer   205 - cumulative return 28000 -> 28000.0, 0
2022-10-29 22:24:18,246 DEBUG          UpbitTrader   139 - account info | banance: 28000.0 | {'BTC': (0, 0)} | {'BTC': 29180000.0}
2022-10-29 22:24:18,246 DEBUG             Analyzer   168 - make score record new_info {'balance': 28000.0, 'asset': {'BTC': (0, 0)}, 'quote': {'BTC': 29180000.0}, 'date_time': '2022-10-29T22:24:18'}
2022-10-29 22:24:18,247 DEBUG             Analyzer   183 - BTC| yield record: 0 | buy avg: 0.0 | price: 29180000.0 | amount: 0.0
2022-10-29 22:24:18,247 DEBUG             Analyzer   196 - price change ratio 29163000.0 -> 29180000.0, 0.058
2022-10-29 22:24:18,247  INFO             Analyzer   205 - cumulative return 28000 -> 28000.0, 0
2022-10-29 22:25:18,689 DEBUG          UpbitTrader   139 - account info | banance: 28000.0 | {'BTC': (0, 0)} | {'BTC': 29159000.0}
2022-10-29 22:25:18,689 DEBUG             Analyzer   168 - make score record new_info {'balance': 28000.0, 'asset': {'BTC': (0, 0)}, 'quote': {'BTC': 29159000.0}, 'date_time': '2022-10-29T22:25:18'}
2022-10-29 22:25:18,689 DEBUG             Analyzer   183 - BTC| yield record: 0 | buy avg: 0.0 | price: 29159000.0 | amount: 0.0
2022-10-29 22:25:18,690 DEBUG             Analyzer   196 - price change ratio 29163000.0 -> 29159000.0, -0.014
2022-10-29 22:25:18,690  INFO             Analyzer   205 - cumulative return 28000 -> 28000.0, 0
2022-10-29 22:26:18,178 DEBUG          UpbitTrader   139 - account info | banance: 28000.0 | {'BTC': (0, 0)} | {'BTC': 29197000.0}
2022-10-29 22:26:18,178 DEBUG             Analyzer   168 - make score record new_info {'balance': 28000.0, 'asset': {'BTC': (0, 0)}, 'quote': {'BTC': 29197000.0}, 'date_time': '2022-10-29T22:26:18'}
2022-10-29 22:26:18,178 DEBUG             Analyzer   183 - BTC| yield record: 0 | buy avg: 0.0 | price: 29197000.0 | amount: 0.0
2022-10-29 22:26:18,178 DEBUG             Analyzer   196 - price change ratio 29163000.0 -> 29197000.0, 0.117
2022-10-29 22:26:18,178  INFO             Analyzer   205 - cumulative return 28000 -> 28000.0, 0
2022-10-29 22:27:18,850 DEBUG          UpbitTrader   139 - account info | banance: 28000.0 | {'BTC': (0, 0)} | {'BTC': 29191000.0}
2022-10-29 22:27:18,856 DEBUG             Analyzer   168 - make score record new_info {'balance': 28000.0, 'asset': {'BTC': (0, 0)}, 'quote': {'BTC': 29191000.0}, 'date_time': '2022-10-29T22:27:18'}
2022-10-29 22:27:18,856 DEBUG             Analyzer   183 - BTC| yield record: 0 | buy avg: 0.0 | price: 29191000.0 | amount: 0.0
2022-10-29 22:27:18,856 DEBUG             Analyzer   196 - price change ratio 29163000.0 -> 29191000.0, 0.096
2022-10-29 22:27:18,856  INFO             Analyzer   205 - cumulative return 28000 -> 28000.0, 0
2022-10-29 22:28:18,138 DEBUG          UpbitTrader   139 - account info | banance: 28000.0 | {'BTC': (0, 0)} | {'BTC': 29212000.0}
2022-10-29 22:28:18,139 DEBUG             Analyzer   168 - make score record new_info {'balance': 28000.0, 'asset': {'BTC': (0, 0)}, 'quote': {'BTC': 29212000.0}, 'date_time': '2022-10-29T22:28:18'}
2022-10-29 22:28:18,139 DEBUG             Analyzer   183 - BTC| yield record: 0 | buy avg: 0.0 | price: 29212000.0 | amount: 0.0
2022-10-29 22:28:18,139 DEBUG             Analyzer   196 - price change ratio 29163000.0 -> 29212000.0, 0.168
2022-10-29 22:28:18,139  INFO             Analyzer   205 - cumulative return 28000 -> 28000.0, 0
2022-10-29 22:29:18,162 DEBUG          UpbitTrader   139 - account info | banance: 28000.0 | {'BTC': (0, 0)} | {'BTC': 29219000.0}
2022-10-29 22:29:18,162 DEBUG             Analyzer   168 - make score record new_info {'balance': 28000.0, 'asset': {'BTC': (0, 0)}, 'quote': {'BTC': 29219000.0}, 'date_time': '2022-10-29T22:29:18'}
2022-10-29 22:29:18,162 DEBUG             Analyzer   183 - BTC| yield record: 0 | buy avg: 0.0 | price: 29219000.0 | amount: 0.0
2022-10-29 22:29:18,162 DEBUG             Analyzer   196 - price change ratio 29163000.0 -> 29219000.0, 0.192
2022-10-29 22:29:18,162  INFO             Analyzer   205 - cumulative return 28000 -> 28000.0, 0
2022-10-29 22:30:18,119 DEBUG          UpbitTrader   139 - account info | banance: 28000.0 | {'BTC': (0, 0)} | {'BTC': 29222000.0}
2022-10-29 22:30:18,120 DEBUG             Analyzer   168 - make score record new_info {'balance': 28000.0, 'asset': {'BTC': (0, 0)}, 'quote': {'BTC': 29222000.0}, 'date_time': '2022-10-29T22:30:18'}
2022-10-29 22:30:18,120 DEBUG             Analyzer   183 - BTC| yield record: 0 | buy avg: 0.0 | price: 29222000.0 | amount: 0.0
2022-10-29 22:30:18,120 DEBUG             Analyzer   196 - price change ratio 29163000.0 -> 29222000.0, 0.202
2022-10-29 22:30:18,120  INFO             Analyzer   205 - cumulative return 28000 -> 28000.0, 0
2022-10-29 22:31:18,231 DEBUG          UpbitTrader   139 - account info | banance: 28000.0 | {'BTC': (0, 0)} | {'BTC': 29224000.0}
2022-10-29 22:31:18,231 DEBUG             Analyzer   168 - make score record new_info {'balance': 28000.0, 'asset': {'BTC': (0, 0)}, 'quote': {'BTC': 29224000.0}, 'date_time': '2022-10-29T22:31:18'}
2022-10-29 22:31:18,231 DEBUG             Analyzer   183 - BTC| yield record: 0 | buy avg: 0.0 | price: 29224000.0 | amount: 0.0
2022-10-29 22:31:18,231 DEBUG             Analyzer   196 - price change ratio 29163000.0 -> 29224000.0, 0.209
2022-10-29 22:31:18,231  INFO             Analyzer   205 - cumulative return 28000 -> 28000.0, 0
2022-10-29 22:32:23,490 DEBUG          UpbitTrader   139 - account info | banance: 28000.0 | {'BTC': (0, 0)} | {'BTC': 29228000.0}
2022-10-29 22:32:23,490 DEBUG             Analyzer   168 - make score record new_info {'balance': 28000.0, 'asset': {'BTC': (0, 0)}, 'quote': {'BTC': 29228000.0}, 'date_time': '2022-10-29T22:32:23'}
2022-10-29 22:32:23,490 DEBUG             Analyzer   183 - BTC| yield record: 0 | buy avg: 0.0 | price: 29228000.0 | amount: 0.0
2022-10-29 22:32:23,491 DEBUG             Analyzer   196 - price change ratio 29163000.0 -> 29228000.0, 0.223
2022-10-29 22:32:23,491  INFO             Analyzer   205 - cumulative return 28000 -> 28000.0, 0
2022-10-29 22:33:23,208 DEBUG          UpbitTrader   139 - account info | banance: 28000.0 | {'BTC': (0, 0)} | {'BTC': 29230000.0}
2022-10-29 22:33:23,214 DEBUG             Analyzer   168 - make score record new_info {'balance': 28000.0, 'asset': {'BTC': (0, 0)}, 'quote': {'BTC': 29230000.0}, 'date_time': '2022-10-29T22:33:23'}
2022-10-29 22:33:23,214 DEBUG             Analyzer   183 - BTC| yield record: 0 | buy avg: 0.0 | price: 29230000.0 | amount: 0.0
2022-10-29 22:33:23,214 DEBUG             Analyzer   196 - price change ratio 29163000.0 -> 29230000.0, 0.23
2022-10-29 22:33:23,214  INFO             Analyzer   205 - cumulative return 28000 -> 28000.0, 0
2022-10-29 22:34:23,127 DEBUG          UpbitTrader   139 - account info | banance: 28000.0 | {'BTC': (0, 0)} | {'BTC': 29224000.0}
2022-10-29 22:34:23,127 DEBUG             Analyzer   168 - make score record new_info {'balance': 28000.0, 'asset': {'BTC': (0, 0)}, 'quote': {'BTC': 29224000.0}, 'date_time': '2022-10-29T22:34:23'}
2022-10-29 22:34:23,127 DEBUG             Analyzer   183 - BTC| yield record: 0 | buy avg: 0.0 | price: 29224000.0 | amount: 0.0
2022-10-29 22:34:23,128 DEBUG             Analyzer   196 - price change ratio 29163000.0 -> 29224000.0, 0.209
2022-10-29 22:34:23,128  INFO             Analyzer   205 - cumulative return 28000 -> 28000.0, 0
2022-10-29 22:35:23,206 DEBUG          UpbitTrader   139 - account info | banance: 28000.0 | {'BTC': (0, 0)} | {'BTC': 29219000.0}
2022-10-29 22:35:23,206 DEBUG             Analyzer   168 - make score record new_info {'balance': 28000.0, 'asset': {'BTC': (0, 0)}, 'quote': {'BTC': 29219000.0}, 'date_time': '2022-10-29T22:35:23'}
2022-10-29 22:35:23,206 DEBUG             Analyzer   183 - BTC| yield record: 0 | buy avg: 0.0 | price: 29219000.0 | amount: 0.0
2022-10-29 22:35:23,206 DEBUG             Analyzer   196 - price change ratio 29163000.0 -> 29219000.0, 0.192
2022-10-29 22:35:23,206  INFO             Analyzer   205 - cumulative return 28000 -> 28000.0, 0
2022-10-29 22:36:23,149 DEBUG          UpbitTrader   139 - account info | banance: 28000.0 | {'BTC': (0, 0)} | {'BTC': 29217000.0}
2022-10-29 22:36:23,150 DEBUG             Analyzer   168 - make score record new_info {'balance': 28000.0, 'asset': {'BTC': (0, 0)}, 'quote': {'BTC': 29217000.0}, 'date_time': '2022-10-29T22:36:23'}
2022-10-29 22:36:23,150 DEBUG             Analyzer   183 - BTC| yield record: 0 | buy avg: 0.0 | price: 29217000.0 | amount: 0.0
2022-10-29 22:36:23,150 DEBUG             Analyzer   196 - price change ratio 29163000.0 -> 29217000.0, 0.185
2022-10-29 22:36:23,150  INFO             Analyzer   205 - cumulative return 28000 -> 28000.0, 0
2022-10-29 22:37:23,093 DEBUG          UpbitTrader   139 - account info | banance: 28000.0 | {'BTC': (0, 0)} | {'BTC': 29188000.0}
2022-10-29 22:37:23,093 DEBUG             Analyzer   168 - make score record new_info {'balance': 28000.0, 'asset': {'BTC': (0, 0)}, 'quote': {'BTC': 29188000.0}, 'date_time': '2022-10-29T22:37:23'}
2022-10-29 22:37:23,093 DEBUG             Analyzer   183 - BTC| yield record: 0 | buy avg: 0.0 | price: 29188000.0 | amount: 0.0
2022-10-29 22:37:23,093 DEBUG             Analyzer   196 - price change ratio 29163000.0 -> 29188000.0, 0.086
2022-10-29 22:37:23,094  INFO             Analyzer   205 - cumulative return 28000 -> 28000.0, 0
2022-10-29 22:38:23,098 DEBUG          UpbitTrader   139 - account info | banance: 28000.0 | {'BTC': (0, 0)} | {'BTC': 29218000.0}
2022-10-29 22:38:23,098 DEBUG             Analyzer   168 - make score record new_info {'balance': 28000.0, 'asset': {'BTC': (0, 0)}, 'quote': {'BTC': 29218000.0}, 'date_time': '2022-10-29T22:38:23'}
2022-10-29 22:38:23,098 DEBUG             Analyzer   183 - BTC| yield record: 0 | buy avg: 0.0 | price: 29218000.0 | amount: 0.0
2022-10-29 22:38:23,098 DEBUG             Analyzer   196 - price change ratio 29163000.0 -> 29218000.0, 0.189
2022-10-29 22:38:23,099  INFO             Analyzer   205 - cumulative return 28000 -> 28000.0, 0
2022-10-29 22:39:23,155 DEBUG          UpbitTrader   139 - account info | banance: 28000.0 | {'BTC': (0, 0)} | {'BTC': 29214000.0}
2022-10-29 22:39:23,155 DEBUG             Analyzer   168 - make score record new_info {'balance': 28000.0, 'asset': {'BTC': (0, 0)}, 'quote': {'BTC': 29214000.0}, 'date_time': '2022-10-29T22:39:23'}
2022-10-29 22:39:23,155 DEBUG             Analyzer   183 - BTC| yield record: 0 | buy avg: 0.0 | price: 29214000.0 | amount: 0.0
2022-10-29 22:39:23,155 DEBUG             Analyzer   196 - price change ratio 29163000.0 -> 29214000.0, 0.175
2022-10-29 22:39:23,155  INFO             Analyzer   205 - cumulative return 28000 -> 28000.0, 0
2022-10-29 22:40:23,166 DEBUG          UpbitTrader   139 - account info | banance: 28000.0 | {'BTC': (0, 0)} | {'BTC': 29200000.0}
2022-10-29 22:40:23,166 DEBUG             Analyzer   168 - make score record new_info {'balance': 28000.0, 'asset': {'BTC': (0, 0)}, 'quote': {'BTC': 29200000.0}, 'date_time': '2022-10-29T22:40:23'}
2022-10-29 22:40:23,166 DEBUG             Analyzer   183 - BTC| yield record: 0 | buy avg: 0.0 | price: 29200000.0 | amount: 0.0
2022-10-29 22:40:23,166 DEBUG             Analyzer   196 - price change ratio 29163000.0 -> 29200000.0, 0.127
2022-10-29 22:40:23,166  INFO             Analyzer   205 - cumulative return 28000 -> 28000.0, 0
2022-10-29 22:41:23,599 DEBUG          UpbitTrader   139 - account info | banance: 28000.0 | {'BTC': (0, 0)} | {'BTC': 29198000.0}
2022-10-29 22:41:23,600 DEBUG             Analyzer   168 - make score record new_info {'balance': 28000.0, 'asset': {'BTC': (0, 0)}, 'quote': {'BTC': 29198000.0}, 'date_time': '2022-10-29T22:41:23'}
2022-10-29 22:41:23,600 DEBUG             Analyzer   183 - BTC| yield record: 0 | buy avg: 0.0 | price: 29198000.0 | amount: 0.0
2022-10-29 22:41:23,600 DEBUG             Analyzer   196 - price change ratio 29163000.0 -> 29198000.0, 0.12
2022-10-29 22:41:23,600  INFO             Analyzer   205 - cumulative return 28000 -> 28000.0, 0
2022-10-29 22:42:24,708 DEBUG          UpbitTrader   139 - account info | banance: 28000.0 | {'BTC': (0, 0)} | {'BTC': 29198000.0}
2022-10-29 22:42:24,708 DEBUG             Analyzer   168 - make score record new_info {'balance': 28000.0, 'asset': {'BTC': (0, 0)}, 'quote': {'BTC': 29198000.0}, 'date_time': '2022-10-29T22:42:24'}
2022-10-29 22:42:24,708 DEBUG             Analyzer   183 - BTC| yield record: 0 | buy avg: 0.0 | price: 29198000.0 | amount: 0.0
2022-10-29 22:42:24,708 DEBUG             Analyzer   196 - price change ratio 29163000.0 -> 29198000.0, 0.12
2022-10-29 22:42:24,708  INFO             Analyzer   205 - cumulative return 28000 -> 28000.0, 0
2022-10-29 22:43:24,609 DEBUG          UpbitTrader   139 - account info | banance: 28000.0 | {'BTC': (0, 0)} | {'BTC': 29197000.0}
2022-10-29 22:43:24,609 DEBUG             Analyzer   168 - make score record new_info {'balance': 28000.0, 'asset': {'BTC': (0, 0)}, 'quote': {'BTC': 29197000.0}, 'date_time': '2022-10-29T22:43:24'}
2022-10-29 22:43:24,609 DEBUG             Analyzer   183 - BTC| yield record: 0 | buy avg: 0.0 | price: 29197000.0 | amount: 0.0
2022-10-29 22:43:24,609 DEBUG             Analyzer   196 - price change ratio 29163000.0 -> 29197000.0, 0.117
2022-10-29 22:43:24,609  INFO             Analyzer   205 - cumulative return 28000 -> 28000.0, 0
2022-10-29 22:44:28,565 DEBUG          UpbitTrader   139 - account info | banance: 28000.0 | {'BTC': (0, 0)} | {'BTC': 29197000.0}
2022-10-29 22:44:28,565 DEBUG             Analyzer   168 - make score record new_info {'balance': 28000.0, 'asset': {'BTC': (0, 0)}, 'quote': {'BTC': 29197000.0}, 'date_time': '2022-10-29T22:44:28'}
2022-10-29 22:44:28,565 DEBUG             Analyzer   183 - BTC| yield record: 0 | buy avg: 0.0 | price: 29197000.0 | amount: 0.0
2022-10-29 22:44:28,566 DEBUG             Analyzer   196 - price change ratio 29163000.0 -> 29197000.0, 0.117
2022-10-29 22:44:28,566  INFO             Analyzer   205 - cumulative return 28000 -> 28000.0, 0
2022-10-29 22:45:20,499 DEBUG           Controller   102 - Execute command t
2022-10-29 22:45:20,499  INFO             Operator    72 - ===== Stop operating =====
